#
# There is insufficient memory for the Java Runtime Environment to continue.
# Native memory allocation (malloc) failed to allocate 2048176 bytes for Chunk::new
# Possible reasons:
#   The system is out of physical RAM or swap space
#   In 32 bit mode, the process size limit was hit
# Possible solutions:
#   Reduce memory load on the system
#   Increase physical memory or swap space
#   Check if swap backing store is full
#   Use 64 bit Java on a 64 bit OS
#   Decrease Java heap size (-Xmx/-Xms)
#   Decrease number of Java threads
#   Decrease Java thread stack sizes (-Xss)
#   Set larger code cache with -XX:ReservedCodeCacheSize=
# This output file may be truncated or incomplete.
#
#  Out of Memory Error (allocation.cpp:390), pid=13340, tid=0x0000000000000b38
#
# JRE version: Java(TM) SE Runtime Environment (8.0_131-b11) (build 1.8.0_131-b11)
# Java VM: Java HotSpot(TM) 64-Bit Server VM (25.131-b11 mixed mode windows-amd64 compressed oops)
# Failed to write core dump. Minidumps are not enabled by default on client versions of Windows
#

---------------  T H R E A D  ---------------

Current thread (0x000000001532e800):  JavaThread "C2 CompilerThread0" daemon [_thread_in_native, id=2872, stack(0x0000000016260000,0x0000000016360000)]

Stack: [0x0000000016260000,0x0000000016360000]
[error occurred during error reporting (printing stack bounds), id 0xc0000005]

Native frames: (J=compiled Java code, j=interpreted, Vv=VM code, C=native code)


Current CompileTask:
C2:   7526 1865       4       java.net.URLClassLoader$1::run (5 bytes)


---------------  P R O C E S S  ---------------

Java Threads: ( => current thread )
  0x0000000018211800 JavaThread "File lock request listener" [_thread_in_native, id=10112, stack(0x000000001a100000,0x000000001a200000)]
  0x00000000178be000 JavaThread "Stdin handler" [_thread_blocked, id=3424, stack(0x0000000018a30000,0x0000000018b30000)]
  0x00000000178af800 JavaThread "Daemon worker" [_thread_in_vm, id=15656, stack(0x0000000018930000,0x0000000018a30000)]
  0x000000001780c800 JavaThread "Cancel handler" [_thread_blocked, id=15676, stack(0x0000000018830000,0x0000000018930000)]
  0x0000000017669800 JavaThread "Handler for socket connection from /127.0.0.1:63943 to /127.0.0.1:63944" [_thread_in_native, id=7584, stack(0x0000000018730000,0x0000000018830000)]
  0x0000000017668800 JavaThread "Daemon" [_thread_blocked, id=4100, stack(0x0000000018630000,0x0000000018730000)]
  0x0000000017632000 JavaThread "Incoming local TCP Connector on port 63943" [_thread_in_native, id=13320, stack(0x0000000017260000,0x0000000017360000)]
  0x0000000015367000 JavaThread "Service Thread" daemon [_thread_blocked, id=17252, stack(0x0000000016860000,0x0000000016960000)]
  0x0000000015332000 JavaThread "C1 CompilerThread1" daemon [_thread_blocked, id=15188, stack(0x0000000016360000,0x0000000016460000)]
=>0x000000001532e800 JavaThread "C2 CompilerThread0" daemon [_thread_in_native, id=2872, stack(0x0000000016260000,0x0000000016360000)]
  0x000000001532d800 JavaThread "Attach Listener" daemon [_thread_blocked, id=4288, stack(0x0000000016160000,0x0000000016260000)]
  0x00000000152d8800 JavaThread "Signal Dispatcher" daemon [_thread_blocked, id=6372, stack(0x0000000016060000,0x0000000016160000)]
  0x00000000152b8800 JavaThread "Finalizer" daemon [_thread_blocked, id=6576, stack(0x0000000015f00000,0x0000000016000000)]
  0x0000000002dde000 JavaThread "Reference Handler" daemon [_thread_blocked, id=9080, stack(0x0000000015e00000,0x0000000015f00000)]
  0x0000000002cf2800 JavaThread "main" [_thread_blocked, id=12376, stack(0x0000000002870000,0x0000000002970000)]

Other Threads:
  0x0000000015295800 VMThread [stack: 0x0000000015d00000,0x0000000015e00000] [id=17492]
  0x000000001536d800 WatcherThread [stack: 0x0000000016960000,0x0000000016a60000] [id=14448]

VM state:not at safepoint (normal execution)

VM Mutex/Monitor currently owned by a thread: None

Heap:
 PSYoungGen      total 66048K, used 13908K [0x00000000eab00000, 0x00000000f3900000, 0x0000000100000000)
  eden space 63488K, 21% used [0x00000000eab00000,0x00000000eb895220,0x00000000ee900000)
  from space 2560K, 0% used [0x00000000ee900000,0x00000000ee900000,0x00000000eeb80000)
  to   space 9216K, 0% used [0x00000000f3000000,0x00000000f3000000,0x00000000f3900000)
 ParOldGen       total 42496K, used 13349K [0x00000000c0000000, 0x00000000c2980000, 0x00000000eab00000)
  object space 42496K, 31% used [0x00000000c0000000,0x00000000c0d09618,0x00000000c2980000)
 Metaspace       used 22448K, capacity 22934K, committed 23040K, reserved 1069056K
  class space    used 2909K, capacity 3031K, committed 3072K, reserved 1048576K

Card table byte_map: [0x0000000012200000,0x0000000012410000] byte_map_base: 0x0000000011c00000

Marking Bits: (ParMarkBitMap*) 0x00000000596bc720
 Begin Bits: [0x0000000012770000, 0x0000000013770000)
 End Bits:   [0x0000000013770000, 0x0000000014770000)

Polling page: 0x0000000000d10000

CodeCache: size=245760Kb used=7917Kb max_used=7917Kb free=237842Kb
 bounds [0x0000000002e40000, 0x0000000003600000, 0x0000000011e40000]
 total_blobs=2613 nmethods=1983 adapters=543
 compilation: enabled

Compilation events (10 events):
Event: 7.520 Thread 0x0000000015332000 1971       1       org.codehaus.groovy.antlr.parser.GroovyLexer::access$200 (5 bytes)
Event: 7.520 Thread 0x0000000015332000 nmethod 1971 0x00000000035f5b90 code [0x00000000035f5ce0, 0x00000000035f5dd0]
Event: 7.520 Thread 0x0000000015332000 1972       3       groovyjarjarantlr.Parser::match (37 bytes)
Event: 7.520 Thread 0x0000000015332000 nmethod 1972 0x00000000035f5e50 code [0x00000000035f6000, 0x00000000035f6578]
Event: 7.521 Thread 0x0000000015332000 1974       3       groovyjarjarantlr.ANTLRHashString::length (22 bytes)
Event: 7.521 Thread 0x0000000015332000 nmethod 1974 0x00000000035f6710 code [0x00000000035f6880, 0x00000000035f6b10]
Event: 7.521 Thread 0x0000000015332000 1975       3       groovyjarjarantlr.collections.impl.ASTArray::add (19 bytes)
Event: 7.521 Thread 0x0000000015332000 nmethod 1975 0x00000000035f6c10 code [0x00000000035f6d80, 0x00000000035f7030]
Event: 7.521 Thread 0x0000000015332000 1976       3       groovyjarjarantlr.LLkParser::consume (11 bytes)
Event: 7.521 Thread 0x0000000015332000 nmethod 1976 0x00000000035f7150 code [0x00000000035f72c0, 0x00000000035f7510]

GC Heap History (10 events):
Event: 1.028 GC heap before
{Heap before GC invocations=2 (full 0):
 PSYoungGen      total 18432K, used 18424K [0x00000000eab00000, 0x00000000ecf00000, 0x0000000100000000)
  eden space 15872K, 100% used [0x00000000eab00000,0x00000000eba80000,0x00000000eba80000)
  from space 2560K, 99% used [0x00000000eba80000,0x00000000ebcfe278,0x00000000ebd00000)
  to   space 2560K, 0% used [0x00000000ecc80000,0x00000000ecc80000,0x00000000ecf00000)
 ParOldGen       total 42496K, used 583K [0x00000000c0000000, 0x00000000c2980000, 0x00000000eab00000)
  object space 42496K, 1% used [0x00000000c0000000,0x00000000c0091ea0,0x00000000c2980000)
 Metaspace       used 6187K, capacity 6410K, committed 6528K, reserved 1056768K
  class space    used 796K, capacity 834K, committed 896K, reserved 1048576K
Event: 1.067 GC heap after
Heap after GC invocations=2 (full 0):
 PSYoungGen      total 34304K, used 2391K [0x00000000eab00000, 0x00000000ecf00000, 0x0000000100000000)
  eden space 31744K, 0% used [0x00000000eab00000,0x00000000eab00000,0x00000000eca00000)
  from space 2560K, 93% used [0x00000000ecc80000,0x00000000eced5e20,0x00000000ecf00000)
  to   space 2560K, 0% used [0x00000000eca00000,0x00000000eca00000,0x00000000ecc80000)
 ParOldGen       total 42496K, used 583K [0x00000000c0000000, 0x00000000c2980000, 0x00000000eab00000)
  object space 42496K, 1% used [0x00000000c0000000,0x00000000c0091ea0,0x00000000c2980000)
 Metaspace       used 6187K, capacity 6410K, committed 6528K, reserved 1056768K
  class space    used 796K, capacity 834K, committed 896K, reserved 1048576K
}
Event: 3.217 GC heap before
{Heap before GC invocations=3 (full 0):
 PSYoungGen      total 34304K, used 34135K [0x00000000eab00000, 0x00000000ecf00000, 0x0000000100000000)
  eden space 31744K, 100% used [0x00000000eab00000,0x00000000eca00000,0x00000000eca00000)
  from space 2560K, 93% used [0x00000000ecc80000,0x00000000eced5e20,0x00000000ecf00000)
  to   space 2560K, 0% used [0x00000000eca00000,0x00000000eca00000,0x00000000ecc80000)
 ParOldGen       total 42496K, used 583K [0x00000000c0000000, 0x00000000c2980000, 0x00000000eab00000)
  object space 42496K, 1% used [0x00000000c0000000,0x00000000c0091ea0,0x00000000c2980000)
 Metaspace       used 12630K, capacity 13002K, committed 13184K, reserved 1060864K
  class space    used 1709K, capacity 1819K, committed 1920K, reserved 1048576K
Event: 3.228 GC heap after
Heap after GC invocations=3 (full 0):
 PSYoungGen      total 34304K, used 2552K [0x00000000eab00000, 0x00000000eee00000, 0x0000000100000000)
  eden space 31744K, 0% used [0x00000000eab00000,0x00000000eab00000,0x00000000eca00000)
  from space 2560K, 99% used [0x00000000eca00000,0x00000000ecc7e050,0x00000000ecc80000)
  to   space 2560K, 0% used [0x00000000eeb80000,0x00000000eeb80000,0x00000000eee00000)
 ParOldGen       total 42496K, used 4692K [0x00000000c0000000, 0x00000000c2980000, 0x00000000eab00000)
  object space 42496K, 11% used [0x00000000c0000000,0x00000000c0495050,0x00000000c2980000)
 Metaspace       used 12630K, capacity 13002K, committed 13184K, reserved 1060864K
  class space    used 1709K, capacity 1819K, committed 1920K, reserved 1048576K
}
Event: 5.737 GC heap before
{Heap before GC invocations=4 (full 0):
 PSYoungGen      total 34304K, used 34296K [0x00000000eab00000, 0x00000000eee00000, 0x0000000100000000)
  eden space 31744K, 100% used [0x00000000eab00000,0x00000000eca00000,0x00000000eca00000)
  from space 2560K, 99% used [0x00000000eca00000,0x00000000ecc7e050,0x00000000ecc80000)
  to   space 2560K, 0% used [0x00000000eeb80000,0x00000000eeb80000,0x00000000eee00000)
 ParOldGen       total 42496K, used 4692K [0x00000000c0000000, 0x00000000c2980000, 0x00000000eab00000)
  object space 42496K, 11% used [0x00000000c0000000,0x00000000c0495050,0x00000000c2980000)
 Metaspace       used 18427K, capacity 18822K, committed 19072K, reserved 1064960K
  class space    used 2521K, capacity 2665K, committed 2688K, reserved 1048576K
Event: 5.777 GC heap after
Heap after GC invocations=4 (full 0):
 PSYoungGen      total 66048K, used 2536K [0x00000000eab00000, 0x00000000eee00000, 0x0000000100000000)
  eden space 63488K, 0% used [0x00000000eab00000,0x00000000eab00000,0x00000000ee900000)
  from space 2560K, 99% used [0x00000000eeb80000,0x00000000eedfa040,0x00000000eee00000)
  to   space 2560K, 0% used [0x00000000ee900000,0x00000000ee900000,0x00000000eeb80000)
 ParOldGen       total 42496K, used 10158K [0x00000000c0000000, 0x00000000c2980000, 0x00000000eab00000)
  object space 42496K, 23% used [0x00000000c0000000,0x00000000c09ebb38,0x00000000c2980000)
 Metaspace       used 18427K, capacity 18822K, committed 19072K, reserved 1064960K
  class space    used 2521K, capacity 2665K, committed 2688K, reserved 1048576K
}
Event: 6.435 GC heap before
{Heap before GC invocations=5 (full 0):
 PSYoungGen      total 66048K, used 24974K [0x00000000eab00000, 0x00000000eee00000, 0x0000000100000000)
  eden space 63488K, 35% used [0x00000000eab00000,0x00000000ec0e9a40,0x00000000ee900000)
  from space 2560K, 99% used [0x00000000eeb80000,0x00000000eedfa040,0x00000000eee00000)
  to   space 2560K, 0% used [0x00000000ee900000,0x00000000ee900000,0x00000000eeb80000)
 ParOldGen       total 42496K, used 10158K [0x00000000c0000000, 0x00000000c2980000, 0x00000000eab00000)
  object space 42496K, 23% used [0x00000000c0000000,0x00000000c09ebb38,0x00000000c2980000)
 Metaspace       used 20829K, capacity 21196K, committed 21296K, reserved 1067008K
  class space    used 2797K, capacity 2922K, committed 2944K, reserved 1048576K
Event: 6.448 GC heap after
Heap after GC invocations=5 (full 0):
 PSYoungGen      total 66048K, used 2536K [0x00000000eab00000, 0x00000000f3900000, 0x0000000100000000)
  eden space 63488K, 0% used [0x00000000eab00000,0x00000000eab00000,0x00000000ee900000)
  from space 2560K, 99% used [0x00000000ee900000,0x00000000eeb7a020,0x00000000eeb80000)
  to   space 9216K, 0% used [0x00000000f3000000,0x00000000f3000000,0x00000000f3900000)
 ParOldGen       total 42496K, used 13006K [0x00000000c0000000, 0x00000000c2980000, 0x00000000eab00000)
  object space 42496K, 30% used [0x00000000c0000000,0x00000000c0cb3b48,0x00000000c2980000)
 Metaspace       used 20829K, capacity 21196K, committed 21296K, reserved 1067008K
  class space    used 2797K, capacity 2922K, committed 2944K, reserved 1048576K
}
Event: 6.448 GC heap before
{Heap before GC invocations=6 (full 1):
 PSYoungGen      total 66048K, used 2536K [0x00000000eab00000, 0x00000000f3900000, 0x0000000100000000)
  eden space 63488K, 0% used [0x00000000eab00000,0x00000000eab00000,0x00000000ee900000)
  from space 2560K, 99% used [0x00000000ee900000,0x00000000eeb7a020,0x00000000eeb80000)
  to   space 9216K, 0% used [0x00000000f3000000,0x00000000f3000000,0x00000000f3900000)
 ParOldGen       total 42496K, used 13006K [0x00000000c0000000, 0x00000000c2980000, 0x00000000eab00000)
  object space 42496K, 30% used [0x00000000c0000000,0x00000000c0cb3b48,0x00000000c2980000)
 Metaspace       used 20829K, capacity 21196K, committed 21296K, reserved 1067008K
  class space    used 2797K, capacity 2922K, committed 2944K, reserved 1048576K
Event: 6.602 GC heap after
Heap after GC invocations=6 (full 1):
 PSYoungGen      total 66048K, used 0K [0x00000000eab00000, 0x00000000f3900000, 0x0000000100000000)
  eden space 63488K, 0% used [0x00000000eab00000,0x00000000eab00000,0x00000000ee900000)
  from space 2560K, 0% used [0x00000000ee900000,0x00000000ee900000,0x00000000eeb80000)
  to   space 9216K, 0% used [0x00000000f3000000,0x00000000f3000000,0x00000000f3900000)
 ParOldGen       total 42496K, used 13349K [0x00000000c0000000, 0x00000000c2980000, 0x00000000eab00000)
  object space 42496K, 31% used [0x00000000c0000000,0x00000000c0d09618,0x00000000c2980000)
 Metaspace       used 20829K, capacity 21196K, committed 21296K, reserved 1067008K
  class space    used 2797K, capacity 2922K, committed 2944K, reserved 1048576K
}

Deoptimization events (10 events):
Event: 5.622 Thread 0x00000000178af800 Uncommon trap: reason=unstable_if action=reinterpret pc=0x0000000003111920 method=java.lang.AbstractStringBuilder.append(Ljava/lang/String;)Ljava/lang/AbstractStringBuilder; @ 1
Event: 5.623 Thread 0x00000000178af800 Uncommon trap: reason=unstable_if action=reinterpret pc=0x0000000003092448 method=java.lang.AbstractStringBuilder.append(Ljava/lang/String;)Ljava/lang/AbstractStringBuilder; @ 1
Event: 6.337 Thread 0x00000000178af800 Uncommon trap: reason=unstable_if action=reinterpret pc=0x00000000033c5adc method=org.codehaus.groovy.ast.ClassNode.redirect()Lorg/codehaus/groovy/ast/ClassNode; @ 4
Event: 6.344 Thread 0x00000000178af800 Uncommon trap: reason=unstable_if action=reinterpret pc=0x00000000033d419c method=org.codehaus.groovy.ast.ClassNode.redirect()Lorg/codehaus/groovy/ast/ClassNode; @ 4
Event: 6.350 Thread 0x00000000178af800 Uncommon trap: reason=unstable_if action=reinterpret pc=0x00000000030fd4b0 method=java.util.LinkedHashMap.afterNodeInsertion(Z)V @ 1
Event: 7.070 Thread 0x00000000178af800 Uncommon trap: reason=class_check action=maybe_recompile pc=0x0000000002ffab1c method=sun.misc.URLClassPath.getLoader(I)Lsun/misc/URLClassPath$Loader; @ 94
Event: 7.070 Thread 0x00000000178af800 Uncommon trap: reason=class_check action=maybe_recompile pc=0x00000000033937f4 method=sun.misc.URLClassPath.getResource(Ljava/lang/String;Z)Lsun/misc/Resource; @ 62
Event: 7.177 Thread 0x00000000178af800 Uncommon trap: reason=class_check action=maybe_recompile pc=0x0000000002ffacc4 method=sun.misc.URLClassPath.getLoader(I)Lsun/misc/URLClassPath$Loader; @ 239
Event: 7.214 Thread 0x00000000178af800 Uncommon trap: reason=class_check action=maybe_recompile pc=0x0000000002ffacc4 method=sun.misc.URLClassPath.getLoader(I)Lsun/misc/URLClassPath$Loader; @ 239
Event: 7.255 Thread 0x00000000178af800 Uncommon trap: reason=class_check action=maybe_recompile pc=0x0000000002ffacc4 method=sun.misc.URLClassPath.getLoader(I)Lsun/misc/URLClassPath$Loader; @ 239

Internal exceptions (10 events):
Event: 7.263 Thread 0x00000000178af800 Exception <a 'java/lang/ClassNotFoundException': groovy/lang/Closure$1BeanInfo> (0x00000000eb1f7268) thrown at [C:\re\workspace\8-2-build-windows-amd64-cygwin\jdk8u131\8869\hotspot\src\share\vm\classfile\systemDictionary.cpp, line 210]
Event: 7.263 Thread 0x00000000178af800 Exception <a 'java/lang/ClassNotFoundException': groovy/lang/ClosureBeanInfo> (0x00000000eb20a6a8) thrown at [C:\re\workspace\8-2-build-windows-amd64-cygwin\jdk8u131\8869\hotspot\src\share\vm\classfile\systemDictionary.cpp, line 210]
Event: 7.264 Thread 0x00000000178af800 Exception <a 'java/lang/ClassNotFoundException': groovy/lang/ClosureCustomizer> (0x00000000eb21e2d0) thrown at [C:\re\workspace\8-2-build-windows-amd64-cygwin\jdk8u131\8869\hotspot\src\share\vm\classfile\systemDictionary.cpp, line 210]
Event: 7.347 Thread 0x00000000178af800 Exception <a 'java/lang/ClassNotFoundException': groovy/lang/Closure$1Customizer> (0x00000000eb257a30) thrown at [C:\re\workspace\8-2-build-windows-amd64-cygwin\jdk8u131\8869\hotspot\src\share\vm\classfile\systemDictionary.cpp, line 210]
Event: 7.450 Thread 0x00000000178af800 Exception <a 'java/lang/ClassNotFoundException': org/gradle/invocation/DefaultGradle_DecoratedBeanInfo> (0x00000000eb688380) thrown at [C:\re\workspace\8-2-build-windows-amd64-cygwin\jdk8u131\8869\hotspot\src\share\vm\classfile\systemDictionary.cpp, line 
Event: 7.450 Thread 0x00000000178af800 Exception <a 'java/lang/ClassNotFoundException': org/gradle/invocation/DefaultGradleBeanInfo> (0x00000000eb6a2250) thrown at [C:\re\workspace\8-2-build-windows-amd64-cygwin\jdk8u131\8869\hotspot\src\share\vm\classfile\systemDictionary.cpp, line 210]
Event: 7.451 Thread 0x00000000178af800 Exception <a 'java/lang/ClassNotFoundException': org/gradle/api/internal/project/AbstractPluginAwareBeanInfo> (0x00000000eb6c1a08) thrown at [C:\re\workspace\8-2-build-windows-amd64-cygwin\jdk8u131\8869\hotspot\src\share\vm\classfile\systemDictionary.cpp,
Event: 7.451 Thread 0x00000000178af800 Exception <a 'java/lang/ClassNotFoundException': org/gradle/api/internal/project/AbstractPluginAwareCustomizer> (0x00000000eb6e1910) thrown at [C:\re\workspace\8-2-build-windows-amd64-cygwin\jdk8u131\8869\hotspot\src\share\vm\classfile\systemDictionary.cp
Event: 7.457 Thread 0x00000000178af800 Exception <a 'java/lang/ClassNotFoundException': org/gradle/invocation/DefaultGradleCustomizer> (0x00000000eb702370) thrown at [C:\re\workspace\8-2-build-windows-amd64-cygwin\jdk8u131\8869\hotspot\src\share\vm\classfile\systemDictionary.cpp, line 210]
Event: 7.462 Thread 0x00000000178af800 Exception <a 'java/lang/ClassNotFoundException': org/gradle/invocation/DefaultGradle_DecoratedCustomizer> (0x00000000eb742bc0) thrown at [C:\re\workspace\8-2-build-windows-amd64-cygwin\jdk8u131\8869\hotspot\src\share\vm\classfile\systemDictionary.cpp, lin

Events (10 events):
Event: 7.462 loading class org/gradle/invocation/DefaultGradle_DecoratedCustomizer
Event: 7.462 loading class org/gradle/invocation/DefaultGradle_DecoratedCustomizer done
Event: 7.467 loading class org/codehaus/groovy/runtime/metaclass/MetaMethodIndex$CacheEntry
Event: 7.467 loading class org/codehaus/groovy/runtime/metaclass/MetaMethodIndex$CacheEntry done
Event: 7.467 loading class org/gradle/api/InvalidActionClosureException
Event: 7.467 loading class org/gradle/api/InvalidActionClosureException done
Event: 7.468 loading class org/gradle/invocation/DefaultGradle$2
Event: 7.468 loading class org/gradle/invocation/DefaultGradle$2 done
Event: 7.479 loading class org/apache/commons/io/FilenameUtils
Event: 7.479 loading class org/apache/commons/io/FilenameUtils done


Dynamic libraries:
0x00007ff777bd0000 - 0x00007ff777c07000 	E:\Program Files\Java\jdk1.8.0_131\bin\java.exe
0x00007ff8bb4c0000 - 0x00007ff8bb691000 	C:\Windows\SYSTEM32\ntdll.dll
0x00007ff8b8eb0000 - 0x00007ff8b8f5b000 	C:\Windows\System32\KERNEL32.DLL
0x00007ff8b7a50000 - 0x00007ff8b7c6d000 	C:\Windows\System32\KERNELBASE.dll
0x00007ff8bb000000 - 0x00007ff8bb0a2000 	C:\Windows\System32\ADVAPI32.dll
0x00007ff8bb0b0000 - 0x00007ff8bb14e000 	C:\Windows\System32\msvcrt.dll
0x00007ff8b92f0000 - 0x00007ff8b9349000 	C:\Windows\System32\sechost.dll
0x00007ff8b9620000 - 0x00007ff8b9741000 	C:\Windows\System32\RPCRT4.dll
0x00007ff8bb350000 - 0x00007ff8bb4b5000 	C:\Windows\System32\USER32.dll
0x00007ff8b8020000 - 0x00007ff8b803e000 	C:\Windows\System32\win32u.dll
0x00007ff8b8f60000 - 0x00007ff8b8f94000 	C:\Windows\System32\GDI32.dll
0x00007ff8b7c70000 - 0x00007ff8b7df2000 	C:\Windows\System32\gdi32full.dll
0x00007ff8a7aa0000 - 0x00007ff8a7d19000 	C:\Windows\WinSxS\amd64_microsoft.windows.common-controls_6595b64144ccf1df_6.0.14393.0_none_2d0f50fcbdb171b8\COMCTL32.dll
0x00007ff8b9350000 - 0x00007ff8b9617000 	C:\Windows\System32\combase.dll
0x00007ff8b7e70000 - 0x00007ff8b7f65000 	C:\Windows\System32\ucrtbase.dll
0x00007ff8b7e00000 - 0x00007ff8b7e6a000 	C:\Windows\System32\bcryptPrimitives.dll
0x00007ff8bb2c0000 - 0x00007ff8bb2ee000 	C:\Windows\System32\IMM32.DLL
0x0000000059ae0000 - 0x0000000059bb2000 	E:\Program Files\Java\jdk1.8.0_131\jre\bin\msvcr100.dll
0x0000000058ea0000 - 0x000000005973c000 	E:\Program Files\Java\jdk1.8.0_131\jre\bin\server\jvm.dll
0x00007ff8b8a50000 - 0x00007ff8b8a58000 	C:\Windows\System32\PSAPI.DLL
0x00007ff8a92a0000 - 0x00007ff8a92a9000 	C:\Windows\SYSTEM32\WSOCK32.dll
0x00007ff8b58e0000 - 0x00007ff8b5903000 	C:\Windows\SYSTEM32\WINMM.dll
0x00007ff8b98b0000 - 0x00007ff8b991a000 	C:\Windows\System32\WS2_32.dll
0x00007ff8aae50000 - 0x00007ff8aae5a000 	C:\Windows\SYSTEM32\VERSION.dll
0x00007ff8b5880000 - 0x00007ff8b58ab000 	C:\Windows\SYSTEM32\WINMMBASE.dll
0x00007ff8b8830000 - 0x00007ff8b8872000 	C:\Windows\System32\cfgmgr32.dll
0x0000000058db0000 - 0x0000000058dbf000 	E:\Program Files\Java\jdk1.8.0_131\jre\bin\verify.dll
0x0000000058d80000 - 0x0000000058da9000 	E:\Program Files\Java\jdk1.8.0_131\jre\bin\java.dll
0x0000000058d60000 - 0x0000000058d76000 	E:\Program Files\Java\jdk1.8.0_131\jre\bin\zip.dll
0x00007ff8b9920000 - 0x00007ff8bae28000 	C:\Windows\System32\SHELL32.dll
0x00007ff8b8040000 - 0x00007ff8b871a000 	C:\Windows\System32\windows.storage.dll
0x00007ff8b7a00000 - 0x00007ff8b7a4c000 	C:\Windows\System32\powrprof.dll
0x00007ff8bb2f0000 - 0x00007ff8bb342000 	C:\Windows\System32\shlwapi.dll
0x00007ff8b79f0000 - 0x00007ff8b79ff000 	C:\Windows\System32\kernel.appcore.dll
0x00007ff8b7f70000 - 0x00007ff8b8019000 	C:\Windows\System32\shcore.dll
0x00007ff8b79c0000 - 0x00007ff8b79d4000 	C:\Windows\System32\profapi.dll
0x0000000058d40000 - 0x0000000058d5a000 	E:\Program Files\Java\jdk1.8.0_131\jre\bin\net.dll
0x00007ff8b7190000 - 0x00007ff8b71ec000 	C:\Windows\system32\mswsock.dll
0x0000000058d20000 - 0x0000000058d31000 	E:\Program Files\Java\jdk1.8.0_131\jre\bin\nio.dll
0x00007ff8b18d0000 - 0x00007ff8b18e2000 	C:\Users\Rachel\.gradle\native\19\windows-amd64\native-platform.dll
0x00007ff8b6f20000 - 0x00007ff8b6f58000 	C:\Windows\SYSTEM32\IPHLPAPI.DLL
0x00007ff8bb210000 - 0x00007ff8bb218000 	C:\Windows\System32\NSI.dll
0x00007ff8b2ec0000 - 0x00007ff8b2ed6000 	C:\Windows\SYSTEM32\dhcpcsvc6.DLL
0x00007ff8b2ea0000 - 0x00007ff8b2eba000 	C:\Windows\SYSTEM32\dhcpcsvc.DLL
0x00007ff8b7410000 - 0x00007ff8b7427000 	C:\Windows\SYSTEM32\CRYPTSP.dll
0x00007ff8b7310000 - 0x00007ff8b7343000 	C:\Windows\system32\rsaenh.dll
0x00007ff8b7900000 - 0x00007ff8b792b000 	C:\Windows\SYSTEM32\bcrypt.dll
0x00007ff8b7010000 - 0x00007ff8b702f000 	C:\Windows\SYSTEM32\USERENV.dll
0x00007ff8b7400000 - 0x00007ff8b740b000 	C:\Windows\SYSTEM32\CRYPTBASE.dll

VM Arguments:
jvm_args: -XX:MaxPermSize=256m -XX:+HeapDumpOnOutOfMemoryError -Xmx1024m -Dfile.encoding=GBK -Duser.country=CN -Duser.language=zh -Duser.variant 
java_command: org.gradle.launcher.daemon.bootstrap.GradleDaemon 2.10
java_class_path (initial): C:\Users\Rachel\.gradle\wrapper\dists\gradle-2.10-all\a4w5fzrkeut1ox71xslb49gst\gradle-2.10\lib\gradle-launcher-2.10.jar
Launcher Type: SUN_STANDARD

Environment Variables:
JAVA_HOME=E:\Program Files\Java\jdk1.8.0_131
CLASSPATH=E:\Program Files\Java\jdk1.8.0_131\lib;E:\Program Files\Java\jdk1.8.0_131\lib\dt.jar;E:\Program Files\Java\jdk1.8.0_131\lib\tools.jar
PATH=C:\ProgramData\Oracle\Java\javapath;C:\Windows\system32;C:\Windows;C:\Windows\System32\Wbem;C:\Windows\System32\WindowsPowerShell\v1.0\;E:\Program Files\Java\jdk1.8.0_131\bin;E:\Program Files\Java\jdk1.8.0_131\jre\bin;E:\hsw\Android\sdk\tools;E:\hsw\Android\sdk\platform-tools;C:\Program Files\Microsoft SQL Server\130\Tools\Binn\;C:\Program Files\dotnet\;E:\Program Files (x86)\Microsoft SQL Server\100\Tools\Binn\;E:\Program Files\Microsoft SQL Server\100\Tools\Binn\;E:\Program Files\Microsoft SQL Server\100\DTS\Binn\;E:\Program Files (x86)\Microsoft SQL Server\100\Tools\Binn\VSShell\Common7\IDE\;E:\Program Files (x86)\Microsoft SQL Server\100\DTS\Binn\;C:\Program Files (x86)\Microsoft Visual Studio 9.0\Common7\IDE\PrivateAssemblies\;E:\Program Files\Git\cmd;C:\Users\Rachel\AppData\Local\Microsoft\WindowsApps;
USERNAME=Rachel
OS=Windows_NT
PROCESSOR_IDENTIFIER=Intel64 Family 6 Model 60 Stepping 3, GenuineIntel



---------------  S Y S T E M  ---------------

OS: Windows 10.0 , 64 bit Build 14393 (10.0.14393.0)

CPU:total 2 (initial active 2) (2 cores per cpu, 1 threads per core) family 6 model 60 stepping 3, cmov, cx8, fxsr, mmx, sse, sse2, sse3, ssse3, sse4.1, sse4.2, popcnt, clmul, erms, lzcnt, tsc, tscinvbit

Memory: 4k page, physical 4062196k(206624k free), swap 11271408k(7320k free)

vm_info: Java HotSpot(TM) 64-Bit Server VM (25.131-b11) for windows-amd64 JRE (1.8.0_131-b11), built on Mar 15 2017 01:23:53 by "java_re" with MS VC++ 10.0 (VS2010)

time: Mon Aug 21 14:25:58 2017
elapsed time: 7 seconds (0d 0h 0m 7s)

